# JRE version: OpenJDK Runtime Environment (11.0.10) (build 11.0.10+0-b96-7249189)
# Java VM: OpenJDK 64-Bit Server VM (11.0.10+0-b96-7249189, mixed mode, tiered, compressed oops, g1 gc, linux-amd64)
Heap:
 garbage-first heap   total 524288K, used 128481K [0x0000000080000000, 0x0000000100000000)
  region size 1024K, 2 young (2048K), 2 survivors (2048K)
 Metaspace       used 103687K, capacity 106489K, committed 106788K, reserved 1142784K
  class space    used 12914K, capacity 13940K, committed 13952K, reserved 1048576K
GC Heap History (20 events):
Event: 2131.020 GC heap after
{Heap after GC invocations=28 (full 0):
 garbage-first heap   total 262144K, used 114284K [0x0000000080000000, 0x0000000100000000)
  region size 1024K, 2 young (2048K), 2 survivors (2048K)
 Metaspace       used 101485K, capacity 104216K, committed 104484K, reserved 1140736K
  class space    used 12637K, capacity 13639K, committed 13696K, reserved 1048576K
}
Event: 2133.139 GC heap before
{Heap before GC invocations=28 (full 0):
 garbage-first heap   total 262144K, used 124524K [0x0000000080000000, 0x0000000100000000)
  region size 1024K, 12 young (12288K), 2 survivors (2048K)
 Metaspace       used 101772K, capacity 104533K, committed 104740K, reserved 1140736K
  class space    used 12669K, capacity 13677K, committed 13696K, reserved 1048576K
}
Event: 2133.247 GC heap after
{Heap after GC invocations=29 (full 0):
 garbage-first heap   total 262144K, used 115667K [0x0000000080000000, 0x0000000100000000)
  region size 1024K, 2 young (2048K), 2 survivors (2048K)
 Metaspace       used 101772K, capacity 104533K, committed 104740K, reserved 1140736K
  class space    used 12669K, capacity 13677K, committed 13696K, reserved 1048576K
}
Event: 2136.077 GC heap before
{Heap before GC invocations=29 (full 0):
 garbage-first heap   total 262144K, used 127955K [0x0000000080000000, 0x0000000100000000)
  region size 1024K, 14 young (14336K), 2 survivors (2048K)
 Metaspace       used 102378K, capacity 105148K, committed 105380K, reserved 1140736K
  class space    used 12740K, capacity 13749K, committed 13824K, reserved 1048576K
}
Event: 2136.335 GC heap after
{Heap after GC invocations=30 (full 0):
 garbage-first heap   total 262144K, used 117442K [0x0000000080000000, 0x0000000100000000)
  region size 1024K, 2 young (2048K), 2 survivors (2048K)
 Metaspace       used 102378K, capacity 105148K, committed 105380K, reserved 1140736K
  class space    used 12740K, capacity 13749K, committed 13824K, reserved 1048576K
}
Event: 2138.856 GC heap before
{Heap before GC invocations=30 (full 0):
 garbage-first heap   total 262144K, used 127682K [0x0000000080000000, 0x0000000100000000)
  region size 1024K, 12 young (12288K), 2 survivors (2048K)
 Metaspace       used 102971K, capacity 105766K, committed 106020K, reserved 1140736K
  class space    used 12830K, capacity 13862K, committed 13952K, reserved 1048576K
}
Event: 2139.261 GC heap after
{Heap after GC invocations=31 (full 0):
 garbage-first heap   total 262144K, used 119024K [0x0000000080000000, 0x0000000100000000)
  region size 1024K, 2 young (2048K), 2 survivors (2048K)
 Metaspace       used 102971K, capacity 105766K, committed 106020K, reserved 1140736K
  class space    used 12830K, capacity 13862K, committed 13952K, reserved 1048576K
}
Event: 2143.544 GC heap before
{Heap before GC invocations=31 (full 0):
 garbage-first heap   total 262144K, used 128240K [0x0000000080000000, 0x0000000100000000)
  region size 1024K, 12 young (12288K), 2 survivors (2048K)
 Metaspace       used 102994K, capacity 105766K, committed 106020K, reserved 1140736K
  class space    used 12830K, capacity 13862K, committed 13952K, reserved 1048576K
}
Event: 2143.773 GC heap after
{Heap after GC invocations=32 (full 0):
 garbage-first heap   total 262144K, used 120907K [0x0000000080000000, 0x0000000100000000)
  region size 1024K, 2 young (2048K), 2 survivors (2048K)
 Metaspace       used 102994K, capacity 105766K, committed 106020K, reserved 1140736K
  class space    used 12830K, capacity 13862K, committed 13952K, reserved 1048576K
}
Event: 2147.205 GC heap before
{Heap before GC invocations=32 (full 0):
 garbage-first heap   total 262144K, used 131147K [0x0000000080000000, 0x0000000100000000)
  region size 1024K, 12 young (12288K), 2 survivors (2048K)
 Metaspace       used 103007K, capacity 105766K, committed 106020K, reserved 1140736K
  class space    used 12830K, capacity 13862K, committed 13952K, reserved 1048576K
}
Event: 2147.624 GC heap after
{Heap after GC invocations=33 (full 0):
 garbage-first heap   total 262144K, used 121571K [0x0000000080000000, 0x0000000100000000)
  region size 1024K, 2 young (2048K), 2 survivors (2048K)
 Metaspace       used 103007K, capacity 105766K, committed 106020K, reserved 1140736K
  class space    used 12830K, capacity 13862K, committed 13952K, reserved 1048576K
}
Event: 2149.669 GC heap before
{Heap before GC invocations=33 (full 0):
 garbage-first heap   total 262144K, used 130787K [0x0000000080000000, 0x0000000100000000)
  region size 1024K, 12 young (12288K), 2 survivors (2048K)
 Metaspace       used 103052K, capacity 105778K, committed 106020K, reserved 1140736K
  class space    used 12830K, capacity 13862K, committed 13952K, reserved 1048576K
}
Event: 2149.961 GC heap after
{Heap after GC invocations=34 (full 0):
 garbage-first heap   total 262144K, used 122582K [0x0000000080000000, 0x0000000100000000)
  region size 1024K, 2 young (2048K), 2 survivors (2048K)
 Metaspace       used 103052K, capacity 105778K, committed 106020K, reserved 1140736K
  class space    used 12830K, capacity 13862K, committed 13952K, reserved 1048576K
}
Event: 2152.414 GC heap before
{Heap before GC invocations=34 (full 0):
 garbage-first heap   total 262144K, used 132822K [0x0000000080000000, 0x0000000100000000)
  region size 1024K, 12 young (12288K), 2 survivors (2048K)
 Metaspace       used 103060K, capacity 105842K, committed 106020K, reserved 1140736K
  class space    used 12831K, capacity 13862K, committed 13952K, reserved 1048576K
}
Event: 2152.852 GC heap after
{Heap after GC invocations=35 (full 0):
 garbage-first heap   total 262144K, used 123368K [0x0000000080000000, 0x0000000100000000)
  region size 1024K, 2 young (2048K), 2 survivors (2048K)
 Metaspace       used 103060K, capacity 105842K, committed 106020K, reserved 1140736K
  class space    used 12831K, capacity 13862K, committed 13952K, reserved 1048576K
}
Event: 2158.053 GC heap before
{Heap before GC invocations=35 (full 0):
 garbage-first heap   total 262144K, used 132584K [0x0000000080000000, 0x0000000100000000)
  region size 1024K, 12 young (12288K), 2 survivors (2048K)
 Metaspace       used 103413K, capacity 106180K, committed 106532K, reserved 1142784K
  class space    used 12882K, capacity 13903K, committed 13952K, reserved 1048576K
}
Event: 2158.575 GC heap after
{Heap after GC invocations=36 (full 0):
 garbage-first heap   total 262144K, used 124766K [0x0000000080000000, 0x0000000100000000)
  region size 1024K, 2 young (2048K), 2 survivors (2048K)
 Metaspace       used 103413K, capacity 106180K, committed 106532K, reserved 1142784K
  class space    used 12882K, capacity 13903K, committed 13952K, reserved 1048576K
}
Event: 2161.846 GC heap before
{Heap before GC invocations=36 (full 0):
 garbage-first heap   total 262144K, used 133982K [0x0000000080000000, 0x0000000100000000)
  region size 1024K, 12 young (12288K), 2 survivors (2048K)
 Metaspace       used 103678K, capacity 106489K, committed 106788K, reserved 1142784K
  class space    used 12913K, capacity 13940K, committed 13952K, reserved 1048576K
}
Event: 2162.427 GC heap after
{Heap after GC invocations=37 (full 0):
 garbage-first heap   total 262144K, used 126563K [0x0000000080000000, 0x0000000100000000)
  region size 1024K, 2 young (2048K), 2 survivors (2048K)
 Metaspace       used 103678K, capacity 106489K, committed 106788K, reserved 1142784K
  class space    used 12913K, capacity 13940K, committed 13952K, reserved 1048576K
}
Event: 2163.474 GC heap before
{Heap before GC invocations=37 (full 0):
 garbage-first heap   total 262144K, used 135779K [0x0000000080000000, 0x0000000100000000)
  region size 1024K, 12 young (12288K), 2 survivors (2048K)
 Metaspace       used 103687K, capacity 106489K, committed 106788K, reserved 1142784K
  class space    used 12914K, capacity 13940K, committed 13952K, reserved 1048576K
}

